{"level":"info","logDir":"/Users/shakhboz/Projects/mockline.dev/back/logs","message":"Session logger configured","sessionId":"2026-04-06T19-41-08","timestamp":"2026-04-06T19:41:09.711Z"}
{"level":"info","message":"Feathers app listening on http://localhost:3030","timestamp":"2026-04-06T19:41:09.761Z"}
{"level":"info","message":"Redis connected successfully","timestamp":"2026-04-06T19:41:09.778Z"}
{"level":"info","message":"Redis ready to accept commands","timestamp":"2026-04-06T19:41:09.792Z"}
{"level":"info","message":"Orchestration worker started","module":"orchestration-worker","sessionId":"2026-04-06T19-41-08","timestamp":"2026-04-06T19:41:09.794Z"}
{"level":"info","message":"Redis client initialized successfully","timestamp":"2026-04-06T19:41:09.792Z"}
{"level":"info","message":"Bull Board integrated at http://localhost:3030/admin/queues","timestamp":"2026-04-06T19:41:09.793Z"}
{"level":"info","message":"Validation worker started","module":"validation-worker","sessionId":"2026-04-06T19-41-08","timestamp":"2026-04-06T19:41:09.795Z"}
{"level":"info","message":"Indexing worker started","module":"indexing-worker","sessionId":"2026-04-06T19-41-08","timestamp":"2026-04-06T19:41:09.795Z"}
{"intervalMs":300000,"level":"info","message":"Periodic indexing job scheduled","module":"indexing-job","sessionId":"2026-04-06T19-41-08","timestamp":"2026-04-06T19:41:09.809Z"}
{"level":"info","message":"Worker service started successfully","timestamp":"2026-04-06T19:41:09.809Z"}
{"level":"info","message":"[projects] error stack:","module":"app-ts","sessionId":"2026-04-06T19-41-08","timestamp":"2026-04-06T19:41:17.162Z"}
{"level":"info","logDir":"/Users/shakhboz/Projects/mockline.dev/back/logs","message":"Session logger configured","sessionId":"2026-04-06T19-42-38","timestamp":"2026-04-06T19:42:40.356Z"}
{"level":"info","message":"Feathers app listening on http://localhost:3030","timestamp":"2026-04-06T19:42:40.397Z"}
{"level":"info","message":"Redis connected successfully","timestamp":"2026-04-06T19:42:40.411Z"}
{"level":"info","message":"Redis ready to accept commands","timestamp":"2026-04-06T19:42:40.421Z"}
{"level":"info","message":"Orchestration worker started","module":"orchestration-worker","sessionId":"2026-04-06T19-42-38","timestamp":"2026-04-06T19:42:40.422Z"}
{"level":"info","message":"Redis client initialized successfully","timestamp":"2026-04-06T19:42:40.421Z"}
{"level":"info","message":"Bull Board integrated at http://localhost:3030/admin/queues","timestamp":"2026-04-06T19:42:40.422Z"}
{"level":"info","message":"Validation worker started","module":"validation-worker","sessionId":"2026-04-06T19-42-38","timestamp":"2026-04-06T19:42:40.423Z"}
{"level":"info","message":"Indexing worker started","module":"indexing-worker","sessionId":"2026-04-06T19-42-38","timestamp":"2026-04-06T19:42:40.423Z"}
{"intervalMs":300000,"level":"info","message":"Periodic indexing job scheduled","module":"indexing-job","sessionId":"2026-04-06T19-42-38","timestamp":"2026-04-06T19:42:40.443Z"}
{"level":"info","message":"Worker service started successfully","timestamp":"2026-04-06T19:42:40.443Z"}
{"level":"info","message":"[projects] error stack:","module":"app-ts","sessionId":"2026-04-06T19-42-38","timestamp":"2026-04-06T19:42:44.250Z"}
{"data":[{"instancePath":"","keyword":"required","message":"must have required property 'status'","params":{"missingProperty":"status"},"schemaPath":"#/required"}],"level":"error","message":"[projects] create error: validation failed","module":"app-ts","sessionId":"2026-04-06T19-42-38","stack":"BadRequest: validation failed\n    at ProjectsService.<anonymous> (/Users/shakhboz/Projects/mockline.dev/back/node_modules/.pnpm/@feathersjs+schema@5.0.40_typescript@5.9.3/node_modules/@feathersjs/schema/src/hooks/validate.ts:52:27)\n    at processTicksAndRejections (node:internal/process/task_queues:103:5)","timestamp":"2026-04-06T19:42:44.250Z"}
