{"level":"info","logDir":"/Users/shakhboz/Projects/mockline.dev/back/logs","message":"Session logger configured","sessionId":"2026-04-04T19-49-39","timestamp":"2026-04-04T19:49:40.898Z"}
{"level":"info","message":"Feathers app listening on http://localhost:3030","timestamp":"2026-04-04T19:49:40.935Z"}
{"level":"info","message":"Redis connected successfully","timestamp":"2026-04-04T19:49:40.946Z"}
{"level":"info","message":"Redis ready to accept commands","timestamp":"2026-04-04T19:49:40.952Z"}
{"level":"info","message":"Orchestration worker started","module":"orchestration-worker","sessionId":"2026-04-04T19-49-39","timestamp":"2026-04-04T19:49:40.953Z"}
{"level":"info","message":"Redis client initialized successfully","timestamp":"2026-04-04T19:49:40.952Z"}
{"level":"info","message":"Bull Board integrated at http://localhost:3030/admin/queues","timestamp":"2026-04-04T19:49:40.952Z"}
{"level":"info","message":"Worker service started successfully","timestamp":"2026-04-04T19:49:40.953Z"}
{"level":"info","logDir":"/Users/shakhboz/Projects/mockline.dev/back/logs","message":"Session logger configured","sessionId":"2026-04-04T19-49-50","timestamp":"2026-04-04T19:49:51.895Z"}
{"level":"info","message":"Feathers app listening on http://localhost:3030","timestamp":"2026-04-04T19:49:51.955Z"}
{"level":"info","message":"Redis connected successfully","timestamp":"2026-04-04T19:49:51.978Z"}
{"level":"info","message":"Redis ready to accept commands","timestamp":"2026-04-04T19:49:51.995Z"}
{"level":"info","message":"Orchestration worker started","module":"orchestration-worker","sessionId":"2026-04-04T19-49-50","timestamp":"2026-04-04T19:49:51.997Z"}
{"level":"info","message":"Redis client initialized successfully","timestamp":"2026-04-04T19:49:51.995Z"}
{"level":"info","message":"Bull Board integrated at http://localhost:3030/admin/queues","timestamp":"2026-04-04T19:49:51.996Z"}
{"level":"info","message":"Worker service started successfully","timestamp":"2026-04-04T19:49:51.997Z"}
{"level":"info","logDir":"/Users/shakhboz/Projects/mockline.dev/back/logs","message":"Session logger configured","sessionId":"2026-04-04T19-50-02","timestamp":"2026-04-04T19:50:04.345Z"}
{"level":"info","message":"Feathers app listening on http://localhost:3030","timestamp":"2026-04-04T19:50:04.411Z"}
{"level":"info","message":"Redis connected successfully","timestamp":"2026-04-04T19:50:04.434Z"}
{"level":"info","message":"Redis ready to accept commands","timestamp":"2026-04-04T19:50:04.445Z"}
{"level":"info","message":"Orchestration worker started","module":"orchestration-worker","sessionId":"2026-04-04T19-50-02","timestamp":"2026-04-04T19:50:04.446Z"}
{"level":"info","message":"Redis client initialized successfully","timestamp":"2026-04-04T19:50:04.445Z"}
{"level":"info","message":"Bull Board integrated at http://localhost:3030/admin/queues","timestamp":"2026-04-04T19:50:04.445Z"}
{"level":"info","message":"Worker service started successfully","timestamp":"2026-04-04T19:50:04.446Z"}
{"level":"warn","message":"MiniMax rate limited","module":"minimax-provider","sessionId":"2026-04-04T19-50-05","status":429,"timestamp":"2026-04-04T19:50:12.324Z"}
{"error":"Bad request to http://localhost:8000/api/v2/tenants/default_tenant/databases/default_database/collections with status: Validation error: name: Expected a name containing 3-512 characters from [a-zA-Z0-9._-], starting and ending with a character in [a-zA-Z0-9]. Got: project__smoke_test_","level":"warn","message":"ChromaDB collection access failed","module":"chroma-client","projectId":"_smoke_test_","sessionId":"2026-04-04T19-50-05","timestamp":"2026-04-04T19:50:15.105Z"}
{"error":"Bad request to http://localhost:8000/api/v2/tenants/default_tenant/databases/default_database/collections with status: Validation error: name: Expected a name containing 3-512 characters from [a-zA-Z0-9._-], starting and ending with a character in [a-zA-Z0-9]. Got: project__smoke_test_","level":"warn","message":"ChromaDB collection access failed","module":"chroma-client","projectId":"_smoke_test_","sessionId":"2026-04-04T19-50-05","timestamp":"2026-04-04T19:50:15.107Z"}
{"error":"The requested resource could not be found","level":"warn","message":"ChromaDB delete collection failed","module":"chroma-client","projectId":"_smoke_test_","sessionId":"2026-04-04T19-50-05","timestamp":"2026-04-04T19:50:15.111Z"}
{"level":"info","message":"Orchestration started","module":"orchestrator","projectId":"smoke-test","promptLength":48,"sessionId":"2026-04-04T19-50-05","timestamp":"2026-04-04T19:50:15.112Z","userId":"smoke-user"}
{"confidence":0.8,"intent":"general","level":"info","message":"Intent classified","module":"orchestrator","projectId":"smoke-test","sessionId":"2026-04-04T19-50-05","timestamp":"2026-04-04T19:50:15.759Z"}
{"contentLength":7693,"intent":"general","level":"info","message":"Orchestration complete","module":"orchestrator","projectId":"smoke-test","sessionId":"2026-04-04T19-50-05","timestamp":"2026-04-04T19:50:23.401Z"}
