{"level":"info","logDir":"/Users/shakhboz/Projects/mockline.dev/back/logs","message":"Session logger configured","sessionId":"2026-04-08T13-47-59","timestamp":"2026-04-08T13:48:01.027Z"}
{"level":"info","message":"Feathers app listening on http://localhost:3030","timestamp":"2026-04-08T13:48:01.084Z"}
{"level":"info","message":"Redis connected successfully","timestamp":"2026-04-08T13:48:01.110Z"}
{"level":"info","message":"Redis ready to accept commands","timestamp":"2026-04-08T13:48:01.132Z"}
{"level":"info","message":"Orchestration worker started","module":"orchestration-worker","sessionId":"2026-04-08T13-47-59","timestamp":"2026-04-08T13:48:01.135Z"}
{"level":"info","message":"Redis client initialized successfully","timestamp":"2026-04-08T13:48:01.133Z"}
{"level":"info","message":"Bull Board integrated at http://localhost:3030/admin/queues","timestamp":"2026-04-08T13:48:01.134Z"}
{"level":"info","message":"Indexing worker started","module":"indexing-worker","sessionId":"2026-04-08T13-47-59","timestamp":"2026-04-08T13:48:01.136Z"}
{"intervalMs":300000,"level":"info","message":"Periodic indexing job scheduled","module":"indexing-job","sessionId":"2026-04-08T13-47-59","timestamp":"2026-04-08T13:48:01.153Z"}
{"level":"info","message":"Worker service started successfully","timestamp":"2026-04-08T13:48:01.153Z"}
{"language":"python","level":"info","message":"Starting project execution sandbox","module":"sandbox-execution","projectId":"69d65216d125b9ea0681f3b2","sessionId":"2026-04-08T13-47-59","timestamp":"2026-04-08T13:48:11.206Z"}
{"cmd":"pip install --quiet -r /workspace/requirements.txt 2>&1 || true","language":"python","level":"info","message":"Installing dependencies","module":"sandbox-execution","projectId":"69d65216d125b9ea0681f3b2","sessionId":"2026-04-08T13-47-59","timestamp":"2026-04-08T13:48:14.792Z"}
{"exitCode":0,"level":"info","message":"Dependency install complete","module":"sandbox-execution","projectId":"69d65216d125b9ea0681f3b2","sessionId":"2026-04-08T13-47-59","timestamp":"2026-04-08T13:48:19.230Z"}
{"cmd":"cd /workspace && (uvicorn main:app --host 0.0.0.0 --port 8000 > /tmp/server.log 2>&1 || python3 main.py > /tmp/server.log 2>&1) &","level":"info","message":"Running start command","module":"sandbox-execution","projectId":"69d65216d125b9ea0681f3b2","sessionId":"2026-04-08T13-47-59","timestamp":"2026-04-08T13:48:19.230Z"}
{"level":"info","message":"Waiting for server to be ready","module":"sandbox-execution","port":8000,"projectId":"69d65216d125b9ea0681f3b2","sessionId":"2026-04-08T13-47-59","timestamp":"2026-04-08T13:48:20.264Z"}
{"entryPoint":"main.py","level":"info","message":"Execution sandbox server ready","module":"sandbox-execution","projectId":"69d65216d125b9ea0681f3b2","proxyUrl":"http://localhost:8080/sandboxes/622afe0e-5565-4b0e-aadb-5af47ea6a4fe/proxy/8000","sessionId":"2026-04-08T13-47-59","timestamp":"2026-04-08T13:48:51.408Z"}
{"containerId":"622afe0e-5565-4b0e-aadb-5af47ea6a4fe","level":"info","message":"Execution sandbox started","module":"sessions-service","proxyUrl":"http://localhost:8080/sandboxes/622afe0e-5565-4b0e-aadb-5af47ea6a4fe/proxy/8000","sessionId":"69d65c9bc5b5ab9982d15fc5","timestamp":"2026-04-08T13:48:51.425Z"}
{"jobId":"repeat:568d01d1da65ead9dfde0512e652141c:1775656200000","level":"info","message":"Job completed","module":"indexing-worker","sessionId":"2026-04-08T13-47-59","timestamp":"2026-04-08T13:50:00.129Z"}
{"jobId":"repeat:568d01d1da65ead9dfde0512e652141c:1775656500000","level":"info","message":"Job completed","module":"indexing-worker","sessionId":"2026-04-08T13-47-59","timestamp":"2026-04-08T13:55:00.108Z"}
{"level":"info","logDir":"/Users/shakhboz/Projects/mockline.dev/back/logs","message":"Session logger configured","sessionId":"2026-04-08T13-59-53","timestamp":"2026-04-08T13:59:55.443Z"}
{"level":"info","message":"Feathers app listening on http://localhost:3030","timestamp":"2026-04-08T13:59:55.494Z"}
{"level":"info","message":"Redis connected successfully","timestamp":"2026-04-08T13:59:55.498Z"}
{"level":"info","message":"Redis ready to accept commands","timestamp":"2026-04-08T13:59:55.503Z"}
{"level":"info","message":"Orchestration worker started","module":"orchestration-worker","sessionId":"2026-04-08T13-59-53","timestamp":"2026-04-08T13:59:55.505Z"}
{"level":"info","message":"Redis client initialized successfully","timestamp":"2026-04-08T13:59:55.503Z"}
{"level":"info","message":"Bull Board integrated at http://localhost:3030/admin/queues","timestamp":"2026-04-08T13:59:55.504Z"}
{"level":"info","message":"Indexing worker started","module":"indexing-worker","sessionId":"2026-04-08T13-59-53","timestamp":"2026-04-08T13:59:55.505Z"}
{"intervalMs":300000,"level":"info","message":"Periodic indexing job scheduled","module":"indexing-job","sessionId":"2026-04-08T13-59-53","timestamp":"2026-04-08T13:59:55.520Z"}
{"level":"info","message":"Worker service started successfully","timestamp":"2026-04-08T13:59:55.520Z"}
{"jobId":"repeat:568d01d1da65ead9dfde0512e652141c:1775656800000","level":"info","message":"Job completed","module":"indexing-worker","sessionId":"2026-04-08T13-59-53","timestamp":"2026-04-08T14:00:00.060Z"}
{"language":"python","level":"info","message":"Starting project execution sandbox","module":"sandbox-execution","projectId":"69d65216d125b9ea0681f3b2","sessionId":"2026-04-08T13-59-53","timestamp":"2026-04-08T14:00:03.164Z"}
{"cmd":"pip install --quiet -r /workspace/requirements.txt 2>&1 || true","language":"python","level":"info","message":"Installing dependencies","module":"sandbox-execution","projectId":"69d65216d125b9ea0681f3b2","sessionId":"2026-04-08T13-59-53","timestamp":"2026-04-08T14:00:07.237Z"}
{"exitCode":0,"level":"info","message":"Dependency install complete","module":"sandbox-execution","projectId":"69d65216d125b9ea0681f3b2","sessionId":"2026-04-08T13-59-53","timestamp":"2026-04-08T14:00:12.791Z"}
{"cmd":"cd /workspace && (uvicorn main:app --host 0.0.0.0 --port 8000 > /tmp/server.log 2>&1 || python3 main.py > /tmp/server.log 2>&1) &","level":"info","message":"Running start command","module":"sandbox-execution","projectId":"69d65216d125b9ea0681f3b2","sessionId":"2026-04-08T13-59-53","timestamp":"2026-04-08T14:00:12.792Z"}
{"level":"info","message":"Waiting for server to be ready","module":"sandbox-execution","port":8000,"projectId":"69d65216d125b9ea0681f3b2","sessionId":"2026-04-08T13-59-53","timestamp":"2026-04-08T14:00:13.823Z"}
{"level":"warn","maxAttempts":15,"message":"Server did not open port within timeout","module":"sandbox-execution","port":8000,"sessionId":"2026-04-08T13-59-53","timestamp":"2026-04-08T14:00:44.995Z"}
{"entryPoint":"main.py","level":"info","message":"Execution sandbox server ready","module":"sandbox-execution","projectId":"69d65216d125b9ea0681f3b2","proxyUrl":"http://localhost:8080/sandboxes/a3464b72-ba4b-4528-9822-6d79cb08348c/proxy/8000","sessionId":"2026-04-08T13-59-53","timestamp":"2026-04-08T14:00:45.033Z"}
{"containerId":"a3464b72-ba4b-4528-9822-6d79cb08348c","level":"info","message":"Execution sandbox started","module":"sessions-service","proxyUrl":"http://localhost:8080/sandboxes/a3464b72-ba4b-4528-9822-6d79cb08348c/proxy/8000","sessionId":"69d65f63d5c26b833a6811c8","timestamp":"2026-04-08T14:00:45.045Z"}
{"jobId":"repeat:568d01d1da65ead9dfde0512e652141c:1775657100000","level":"info","message":"Job completed","module":"indexing-worker","sessionId":"2026-04-08T13-59-53","timestamp":"2026-04-08T14:05:00.078Z"}
{"level":"info","logDir":"/Users/shakhboz/Projects/mockline.dev/back/logs","message":"Session logger configured","sessionId":"2026-04-08T14-06-11","timestamp":"2026-04-08T14:06:13.125Z"}
{"level":"info","message":"Feathers app listening on http://localhost:3030","timestamp":"2026-04-08T14:06:13.168Z"}
{"level":"info","message":"Redis connected successfully","timestamp":"2026-04-08T14:06:13.181Z"}
{"level":"info","message":"Redis ready to accept commands","timestamp":"2026-04-08T14:06:13.192Z"}
{"level":"info","message":"Orchestration worker started","module":"orchestration-worker","sessionId":"2026-04-08T14-06-11","timestamp":"2026-04-08T14:06:13.194Z"}
{"level":"info","message":"Redis client initialized successfully","timestamp":"2026-04-08T14:06:13.192Z"}
{"level":"info","message":"Bull Board integrated at http://localhost:3030/admin/queues","timestamp":"2026-04-08T14:06:13.193Z"}
{"level":"info","message":"Indexing worker started","module":"indexing-worker","sessionId":"2026-04-08T14-06-11","timestamp":"2026-04-08T14:06:13.194Z"}
{"intervalMs":300000,"level":"info","message":"Periodic indexing job scheduled","module":"indexing-job","sessionId":"2026-04-08T14-06-11","timestamp":"2026-04-08T14:06:13.209Z"}
{"level":"info","message":"Worker service started successfully","timestamp":"2026-04-08T14:06:13.209Z"}
{"language":"python","level":"info","message":"Starting project execution sandbox","module":"sandbox-execution","projectId":"69d65216d125b9ea0681f3b2","sessionId":"2026-04-08T14-06-11","timestamp":"2026-04-08T14:06:19.566Z"}
{"cmd":"pip install -r /workspace/requirements.txt 2>&1","language":"python","level":"info","message":"Installing dependencies","module":"sandbox-execution","projectId":"69d65216d125b9ea0681f3b2","sessionId":"2026-04-08T14-06-11","timestamp":"2026-04-08T14:06:23.498Z"}
{"exitCode":1,"level":"error","message":"Dependency installation failed (exit 1). Check requirements.txt and network access.","module":"sandbox-execution","projectId":"69d65216d125b9ea0681f3b2","sessionId":"2026-04-08T14-06-11","timestamp":"2026-04-08T14:06:27.822Z"}
{"error":"Dependency installation failed (exit 1). Check requirements.txt and network access.","level":"error","message":"Failed to start execution sandbox","module":"sessions-service","sessionId":"69d660db850632e954fab09e","timestamp":"2026-04-08T14:06:27.823Z"}
{"jobId":"15","level":"info","message":"Orchestration job started","module":"orchestration-worker","projectId":"69d6611c850632e954fab09f","sessionId":"2026-04-08T14-06-11","timestamp":"2026-04-08T14:07:24.283Z","userId":"69d4e7201b84c339a11314e7"}
{"level":"info","message":"JobTracker: Registered job 15 for project 69d6611c850632e954fab09f","timestamp":"2026-04-08T14:07:24.284Z"}
{"level":"info","message":"Orchestration started","module":"orchestrator","projectId":"69d6611c850632e954fab09f","promptLength":208,"sessionId":"2026-04-08T14-06-11","timestamp":"2026-04-08T14:07:24.288Z","userId":"69d4e7201b84c339a11314e7"}
{"confidence":1,"intent":"generate_project","level":"info","message":"Intent classified","module":"orchestrator","projectId":"69d6611c850632e954fab09f","sessionId":"2026-04-08T14-06-11","timestamp":"2026-04-08T14:07:24.982Z"}
{"contentLength":10769,"intent":"generate_project","level":"info","message":"Orchestration complete","module":"orchestrator","projectId":"69d6611c850632e954fab09f","sessionId":"2026-04-08T14-06-11","timestamp":"2026-04-08T14:07:31.222Z"}
{"fileCount":10,"level":"info","message":"Starting sandbox execution","module":"sandbox","projectId":"69d6611c850632e954fab09f","provider":"opensandbox","sessionId":"2026-04-08T14-06-11","timestamp":"2026-04-08T14:07:31.225Z"}
{"durationMs":8938,"level":"info","message":"Sandbox execution complete","module":"sandbox","projectId":"69d6611c850632e954fab09f","sessionId":"2026-04-08T14-06-11","success":true,"timestamp":"2026-04-08T14:07:40.473Z"}
{"fileCount":10,"level":"info","message":"Persisting sandbox files to R2","module":"persist-files","projectId":"69d6611c850632e954fab09f","sessionId":"2026-04-08T14-06-11","timestamp":"2026-04-08T14:07:40.477Z"}
{"jobId":"sync-69d6611c850632e954fab09f","level":"info","message":"Indexing job started","module":"indexing-worker","projectId":"69d6611c850632e954fab09f","sessionId":"2026-04-08T14-06-11","timestamp":"2026-04-08T14:07:44.128Z"}
{"error":"Parser.init is not a function","level":"warn","message":"Tree-sitter WASM init failed — will use text chunker fallback","module":"tree-sitter-chunker","sessionId":"2026-04-08T14-06-11","timestamp":"2026-04-08T14:07:44.143Z"}
{"fileCount":6,"level":"info","message":"First sync: running full index","module":"merkle-sync","projectId":"69d6611c850632e954fab09f","sessionId":"2026-04-08T14-06-11","timestamp":"2026-04-08T14:07:45.077Z"}
{"error":"Parser.init is not a function","level":"warn","message":"Tree-sitter WASM init failed — will use text chunker fallback","module":"tree-sitter-chunker","sessionId":"2026-04-08T14-06-11","timestamp":"2026-04-08T14:07:45.080Z"}
{"count":8,"level":"info","message":"Indexing project files","module":"rag-indexer","projectId":"69d6611c850632e954fab09f","sessionId":"2026-04-08T14-06-11","timestamp":"2026-04-08T14:07:45.083Z"}
{"failed":0,"indexed":8,"level":"info","message":"Indexing complete","module":"rag-indexer","projectId":"69d6611c850632e954fab09f","sessionId":"2026-04-08T14-06-11","timestamp":"2026-04-08T14:07:46.691Z"}
{"added":6,"deleted":0,"indexed":8,"jobId":"sync-69d6611c850632e954fab09f","level":"info","message":"Indexing job complete","modified":0,"module":"indexing-worker","projectId":"69d6611c850632e954fab09f","removed":0,"sessionId":"2026-04-08T14-06-11","timestamp":"2026-04-08T14:07:46.721Z"}
{"jobId":"sync-69d6611c850632e954fab09f","level":"info","message":"Job completed","module":"indexing-worker","sessionId":"2026-04-08T14-06-11","timestamp":"2026-04-08T14:07:46.738Z"}
{"copiedFiles":10,"fileCount":10,"label":"AI edit v1","level":"info","message":"Snapshot prepared","projectId":"69d6611c850632e954fab09f","reusedFiles":0,"timestamp":"2026-04-08T14:07:54.398Z","trigger":"auto-ai-edit","version":1}
{"level":"info","message":"Snapshot created","module":"persist-files","projectId":"69d6611c850632e954fab09f","sessionId":"2026-04-08T14-06-11","snapshotId":"69d6613a850632e954fab0ab","timestamp":"2026-04-08T14:07:54.896Z","version":1}
{"level":"info","message":"File persistence complete","module":"persist-files","persisted":10,"projectId":"69d6611c850632e954fab09f","sessionId":"2026-04-08T14-06-11","snapshotId":"69d6613a850632e954fab0ab","timestamp":"2026-04-08T14:07:54.896Z"}
{"intent":"generate_project","jobId":"15","level":"info","message":"Orchestration job completed","module":"orchestration-worker","projectId":"69d6611c850632e954fab09f","sessionId":"2026-04-08T14-06-11","timestamp":"2026-04-08T14:07:54.941Z"}
{"level":"info","message":"JobTracker: Job 15 completed in 30659ms","timestamp":"2026-04-08T14:07:54.943Z"}
{"jobId":"15","level":"info","message":"Job completed","module":"orchestration-worker","sessionId":"2026-04-08T14-06-11","timestamp":"2026-04-08T14:07:54.951Z"}
{"jobId":"sync-69d6611c850632e954fab09f","level":"info","message":"Indexing job started","module":"indexing-worker","projectId":"69d6611c850632e954fab09f","sessionId":"2026-04-08T14-06-11","timestamp":"2026-04-08T14:07:57.005Z"}
{"error":"Parser.init is not a function","level":"warn","message":"Tree-sitter WASM init failed — will use text chunker fallback","module":"tree-sitter-chunker","sessionId":"2026-04-08T14-06-11","timestamp":"2026-04-08T14:07:57.008Z"}
{"added":4,"deleted":0,"level":"info","message":"Sync detected changes","modified":0,"module":"merkle-sync","projectId":"69d6611c850632e954fab09f","sessionId":"2026-04-08T14-06-11","timestamp":"2026-04-08T14:07:57.534Z"}
{"indexed":4,"level":"info","message":"Sync complete","module":"merkle-sync","projectId":"69d6611c850632e954fab09f","removed":0,"sessionId":"2026-04-08T14-06-11","timestamp":"2026-04-08T14:07:58.671Z"}
{"added":4,"deleted":0,"indexed":4,"jobId":"sync-69d6611c850632e954fab09f","level":"info","message":"Indexing job complete","modified":0,"module":"indexing-worker","projectId":"69d6611c850632e954fab09f","removed":0,"sessionId":"2026-04-08T14-06-11","timestamp":"2026-04-08T14:07:58.682Z"}
{"jobId":"sync-69d6611c850632e954fab09f","level":"info","message":"Job completed","module":"indexing-worker","sessionId":"2026-04-08T14-06-11","timestamp":"2026-04-08T14:07:58.715Z"}
{"language":"python","level":"info","message":"Starting project execution sandbox","module":"sandbox-execution","projectId":"69d6611c850632e954fab09f","sessionId":"2026-04-08T14-06-11","timestamp":"2026-04-08T14:08:02.252Z"}
{"cmd":"pip install -r /workspace/requirements.txt 2>&1","language":"python","level":"info","message":"Installing dependencies","module":"sandbox-execution","projectId":"69d6611c850632e954fab09f","sessionId":"2026-04-08T14-06-11","timestamp":"2026-04-08T14:08:05.567Z"}
{"exitCode":1,"level":"error","message":"Dependency installation failed (exit 1). Check requirements.txt and network access.","module":"sandbox-execution","projectId":"69d6611c850632e954fab09f","sessionId":"2026-04-08T14-06-11","timestamp":"2026-04-08T14:08:13.105Z"}
{"error":"Dependency installation failed (exit 1). Check requirements.txt and network access.","level":"error","message":"Failed to start execution sandbox","module":"sessions-service","sessionId":"69d66142850632e954fab0ad","timestamp":"2026-04-08T14:08:13.106Z"}
{"jobId":"repeat:568d01d1da65ead9dfde0512e652141c:1775657400000","level":"info","message":"Job completed","module":"indexing-worker","sessionId":"2026-04-08T14-06-11","timestamp":"2026-04-08T14:10:00.022Z"}
{"level":"info","logDir":"/Users/shakhboz/Projects/mockline.dev/back/logs","message":"Session logger configured","sessionId":"2026-04-08T14-13-03","timestamp":"2026-04-08T14:13:04.992Z"}
{"level":"info","message":"Feathers app listening on http://localhost:3030","timestamp":"2026-04-08T14:13:05.035Z"}
{"level":"info","message":"Redis connected successfully","timestamp":"2026-04-08T14:13:05.038Z"}
{"level":"info","message":"Redis ready to accept commands","timestamp":"2026-04-08T14:13:05.048Z"}
{"level":"info","message":"Orchestration worker started","module":"orchestration-worker","sessionId":"2026-04-08T14-13-03","timestamp":"2026-04-08T14:13:05.049Z"}
{"level":"info","message":"Redis client initialized successfully","timestamp":"2026-04-08T14:13:05.048Z"}
{"level":"info","message":"Bull Board integrated at http://localhost:3030/admin/queues","timestamp":"2026-04-08T14:13:05.048Z"}
{"level":"info","message":"Indexing worker started","module":"indexing-worker","sessionId":"2026-04-08T14-13-03","timestamp":"2026-04-08T14:13:05.049Z"}
{"intervalMs":300000,"level":"info","message":"Periodic indexing job scheduled","module":"indexing-job","sessionId":"2026-04-08T14-13-03","timestamp":"2026-04-08T14:13:05.060Z"}
{"level":"info","message":"Worker service started successfully","timestamp":"2026-04-08T14:13:05.060Z"}
{"language":"python","level":"info","message":"Starting project execution sandbox","module":"sandbox-execution","projectId":"69d6611c850632e954fab09f","sessionId":"2026-04-08T14-13-03","timestamp":"2026-04-08T14:13:19.373Z"}
{"cmd":"python3 -m pip install --no-cache-dir -r <(sed \"s/\\r//\" /workspace/requirements.txt) 2>&1","language":"python","level":"info","message":"Installing dependencies","module":"sandbox-execution","projectId":"69d6611c850632e954fab09f","sessionId":"2026-04-08T14-13-03","timestamp":"2026-04-08T14:13:23.130Z"}
{"level":"info","message":"Dependency install output","module":"sandbox-execution","output":"Collecting fastapi==0.104.1 (from -r /dev/fd/63 (line 2))  Downloading fastapi-0.104.1-py3-none-any.whl.metadata (24 kB)Collecting uvicorn==0.24.0 (from -r /dev/fd/63 (line 3))  Downloading uvicorn-0.24.0-py3-none-any.whl.metadata (6.4 kB)Collecting sqlalchemy==1.4.39 (from -r /dev/fd/63 (line 4))  Downloading SQLAlchemy-1.4.39.tar.gz (8.2 MB)     ━━━━━━━━━━━━━━━━━━━━━━━━━━━━━━━━━━━━━━━━ 8.2/8.2 MB 7.8 MB/s eta 0:00:00  Preparing metadata (setup.py): started  Preparing metadata (setup.py): finished with status 'done'Collecting pydantic==1.10.7 (from -r /dev/fd/63 (line 5))  Downloading pydantic-1.10.7-py3-none-any.whl.metadata (145 kB)     ━━━━━━━━━━━━━━━━━━━━━━━━━━━━━━━━━━━━━━ 145.4/145.4 kB 13.7 MB/s eta 0:00:00Collecting python-jose==3.3.0 (from -r /dev/fd/63 (line 6))  Downloading python_jose-3.3.0-py2.py3-none-any.whl.metadata (5.4 kB)ERROR: Could not find a version that satisfies the requirement passlib==1.9.0 (from versions: 1.3.0, 1.3.1, 1.4, 1.5, 1.5.1, 1.5.2, 1.5.3, 1.6, 1.6.1, 1.6.2, 1.6.4, 1.6.5, 1.7.0, 1.7.1, 1.7.2, 1.7.3, 1.7.4)ERROR: No matching distribution found for passlib==1.9.0[notice] A new release of pip is available: 24.0 -> 26.0.1[notice] To update, run: pip install --upgrade pip","projectId":"69d6611c850632e954fab09f","sessionId":"2026-04-08T14-13-03","timestamp":"2026-04-08T14:13:29.580Z"}
{"exitCode":1,"level":"error","message":"Dependency installation failed (exit 1). Check requirements.txt and network access.","module":"sandbox-execution","projectId":"69d6611c850632e954fab09f","sessionId":"2026-04-08T14-13-03","timestamp":"2026-04-08T14:13:29.581Z"}
{"error":"Dependency installation failed (exit 1). Check requirements.txt and network access.","level":"error","message":"Failed to start execution sandbox","module":"sessions-service","sessionId":"69d6627f81475c7a2d0736c2","timestamp":"2026-04-08T14:13:29.583Z"}
