{"level":"info","logDir":"/Users/shakhboz/Projects/mockline.dev/back/logs","message":"Session logger configured","sessionId":"2026-04-08T14-13-03","timestamp":"2026-04-08T14:13:04.992Z"}
{"level":"info","message":"Feathers app listening on http://localhost:3030","timestamp":"2026-04-08T14:13:05.035Z"}
{"level":"info","message":"Redis connected successfully","timestamp":"2026-04-08T14:13:05.038Z"}
{"level":"info","message":"Redis ready to accept commands","timestamp":"2026-04-08T14:13:05.048Z"}
{"level":"info","message":"Orchestration worker started","module":"orchestration-worker","sessionId":"2026-04-08T14-13-03","timestamp":"2026-04-08T14:13:05.049Z"}
{"level":"info","message":"Redis client initialized successfully","timestamp":"2026-04-08T14:13:05.048Z"}
{"level":"info","message":"Bull Board integrated at http://localhost:3030/admin/queues","timestamp":"2026-04-08T14:13:05.048Z"}
{"level":"info","message":"Indexing worker started","module":"indexing-worker","sessionId":"2026-04-08T14-13-03","timestamp":"2026-04-08T14:13:05.049Z"}
{"intervalMs":300000,"level":"info","message":"Periodic indexing job scheduled","module":"indexing-job","sessionId":"2026-04-08T14-13-03","timestamp":"2026-04-08T14:13:05.060Z"}
{"level":"info","message":"Worker service started successfully","timestamp":"2026-04-08T14:13:05.060Z"}
{"channel":"projects/69d6611c850632e954fab09f","level":"debug","message":"Socket joined channel","module":"app-ts","sessionId":"2026-04-08T14-13-03","timestamp":"2026-04-08T14:13:07.714Z"}
{"channel":"projects/69d6611c850632e954fab09f","level":"debug","message":"Socket joined channel","module":"app-ts","sessionId":"2026-04-08T14-13-03","timestamp":"2026-04-08T14:13:16.661Z"}
{"channel":"projects/69d65216d125b9ea0681f3b2","level":"debug","message":"Socket joined channel","module":"app-ts","sessionId":"2026-04-08T14-13-03","timestamp":"2026-04-08T14:13:16.667Z"}
{"channel":"projects/69d4f7d9b7f1f528a7793c21","level":"debug","message":"Socket joined channel","module":"app-ts","sessionId":"2026-04-08T14-13-03","timestamp":"2026-04-08T14:13:16.667Z"}
{"channel":"projects/69d4e7241b84c339a11314e8","level":"debug","message":"Socket joined channel","module":"app-ts","sessionId":"2026-04-08T14-13-03","timestamp":"2026-04-08T14:13:16.667Z"}
{"channel":"projects/69d6611c850632e954fab09f","level":"debug","message":"Socket joined channel","module":"app-ts","sessionId":"2026-04-08T14-13-03","timestamp":"2026-04-08T14:13:16.668Z"}
{"channel":"projects/69d65216d125b9ea0681f3b2","level":"debug","message":"Socket joined channel","module":"app-ts","sessionId":"2026-04-08T14-13-03","timestamp":"2026-04-08T14:13:16.668Z"}
{"channel":"projects/69d4f7d9b7f1f528a7793c21","level":"debug","message":"Socket joined channel","module":"app-ts","sessionId":"2026-04-08T14-13-03","timestamp":"2026-04-08T14:13:16.668Z"}
{"channel":"projects/69d4e7241b84c339a11314e8","level":"debug","message":"Socket joined channel","module":"app-ts","sessionId":"2026-04-08T14-13-03","timestamp":"2026-04-08T14:13:16.668Z"}
{"channel":"projects/69d6611c850632e954fab09f","level":"debug","message":"Socket joined channel","module":"app-ts","sessionId":"2026-04-08T14-13-03","timestamp":"2026-04-08T14:13:16.704Z"}
{"channel":"projects/69d65216d125b9ea0681f3b2","level":"debug","message":"Socket joined channel","module":"app-ts","sessionId":"2026-04-08T14-13-03","timestamp":"2026-04-08T14:13:16.704Z"}
{"channel":"projects/69d4f7d9b7f1f528a7793c21","level":"debug","message":"Socket joined channel","module":"app-ts","sessionId":"2026-04-08T14-13-03","timestamp":"2026-04-08T14:13:16.704Z"}
{"channel":"projects/69d4e7241b84c339a11314e8","level":"debug","message":"Socket joined channel","module":"app-ts","sessionId":"2026-04-08T14-13-03","timestamp":"2026-04-08T14:13:16.704Z"}
{"channel":"projects/69d6611c850632e954fab09f","level":"debug","message":"Socket joined channel","module":"app-ts","sessionId":"2026-04-08T14-13-03","timestamp":"2026-04-08T14:13:16.718Z"}
{"channel":"projects/69d65216d125b9ea0681f3b2","level":"debug","message":"Socket joined channel","module":"app-ts","sessionId":"2026-04-08T14-13-03","timestamp":"2026-04-08T14:13:16.718Z"}
{"channel":"projects/69d4f7d9b7f1f528a7793c21","level":"debug","message":"Socket joined channel","module":"app-ts","sessionId":"2026-04-08T14-13-03","timestamp":"2026-04-08T14:13:16.718Z"}
{"channel":"projects/69d4e7241b84c339a11314e8","level":"debug","message":"Socket joined channel","module":"app-ts","sessionId":"2026-04-08T14-13-03","timestamp":"2026-04-08T14:13:16.718Z"}
{"channel":"projects/69d6611c850632e954fab09f","level":"debug","message":"Socket joined channel","module":"app-ts","sessionId":"2026-04-08T14-13-03","timestamp":"2026-04-08T14:13:18.371Z"}
{"channel":"projects/69d6611c850632e954fab09f","level":"debug","message":"Socket joined channel","module":"app-ts","sessionId":"2026-04-08T14-13-03","timestamp":"2026-04-08T14:13:18.375Z"}
{"language":"python","level":"info","message":"Starting project execution sandbox","module":"sandbox-execution","projectId":"69d6611c850632e954fab09f","sessionId":"2026-04-08T14-13-03","timestamp":"2026-04-08T14:13:19.373Z"}
{"fileCount":10,"level":"debug","message":"Execution sandbox created","module":"sandbox-execution","projectId":"69d6611c850632e954fab09f","sessionId":"2026-04-08T14-13-03","timestamp":"2026-04-08T14:13:22.983Z"}
{"cmd":"python3 -m pip install --no-cache-dir -r <(sed \"s/\\r//\" /workspace/requirements.txt) 2>&1","language":"python","level":"info","message":"Installing dependencies","module":"sandbox-execution","projectId":"69d6611c850632e954fab09f","sessionId":"2026-04-08T14-13-03","timestamp":"2026-04-08T14:13:23.130Z"}
{"level":"info","message":"Dependency install output","module":"sandbox-execution","output":"Collecting fastapi==0.104.1 (from -r /dev/fd/63 (line 2))  Downloading fastapi-0.104.1-py3-none-any.whl.metadata (24 kB)Collecting uvicorn==0.24.0 (from -r /dev/fd/63 (line 3))  Downloading uvicorn-0.24.0-py3-none-any.whl.metadata (6.4 kB)Collecting sqlalchemy==1.4.39 (from -r /dev/fd/63 (line 4))  Downloading SQLAlchemy-1.4.39.tar.gz (8.2 MB)     ━━━━━━━━━━━━━━━━━━━━━━━━━━━━━━━━━━━━━━━━ 8.2/8.2 MB 7.8 MB/s eta 0:00:00  Preparing metadata (setup.py): started  Preparing metadata (setup.py): finished with status 'done'Collecting pydantic==1.10.7 (from -r /dev/fd/63 (line 5))  Downloading pydantic-1.10.7-py3-none-any.whl.metadata (145 kB)     ━━━━━━━━━━━━━━━━━━━━━━━━━━━━━━━━━━━━━━ 145.4/145.4 kB 13.7 MB/s eta 0:00:00Collecting python-jose==3.3.0 (from -r /dev/fd/63 (line 6))  Downloading python_jose-3.3.0-py2.py3-none-any.whl.metadata (5.4 kB)ERROR: Could not find a version that satisfies the requirement passlib==1.9.0 (from versions: 1.3.0, 1.3.1, 1.4, 1.5, 1.5.1, 1.5.2, 1.5.3, 1.6, 1.6.1, 1.6.2, 1.6.4, 1.6.5, 1.7.0, 1.7.1, 1.7.2, 1.7.3, 1.7.4)ERROR: No matching distribution found for passlib==1.9.0[notice] A new release of pip is available: 24.0 -> 26.0.1[notice] To update, run: pip install --upgrade pip","projectId":"69d6611c850632e954fab09f","sessionId":"2026-04-08T14-13-03","timestamp":"2026-04-08T14:13:29.580Z"}
{"exitCode":1,"level":"error","message":"Dependency installation failed (exit 1). Check requirements.txt and network access.","module":"sandbox-execution","projectId":"69d6611c850632e954fab09f","sessionId":"2026-04-08T14-13-03","timestamp":"2026-04-08T14:13:29.581Z"}
{"error":"Dependency installation failed (exit 1). Check requirements.txt and network access.","level":"error","message":"Failed to start execution sandbox","module":"sessions-service","sessionId":"69d6627f81475c7a2d0736c2","timestamp":"2026-04-08T14:13:29.583Z"}
