{"level":"info","logDir":"/Users/shakhboz/Projects/mockline.dev/back/logs","message":"Session logger configured","sessionId":"2026-04-08T15-38-18","timestamp":"2026-04-08T15:38:20.208Z"}
{"level":"info","message":"Feathers app listening on http://localhost:3030","timestamp":"2026-04-08T15:38:20.249Z"}
{"level":"info","message":"Redis connected successfully","timestamp":"2026-04-08T15:38:20.252Z"}
{"level":"info","message":"Redis ready to accept commands","timestamp":"2026-04-08T15:38:20.260Z"}
{"level":"info","message":"Orchestration worker started","module":"orchestration-worker","sessionId":"2026-04-08T15-38-18","timestamp":"2026-04-08T15:38:20.262Z"}
{"level":"info","message":"Redis client initialized successfully","timestamp":"2026-04-08T15:38:20.260Z"}
{"level":"info","message":"Bull Board integrated at http://localhost:3030/admin/queues","timestamp":"2026-04-08T15:38:20.261Z"}
{"level":"info","message":"Indexing worker started","module":"indexing-worker","sessionId":"2026-04-08T15-38-18","timestamp":"2026-04-08T15:38:20.262Z"}
{"intervalMs":300000,"level":"info","message":"Periodic indexing job scheduled","module":"indexing-job","sessionId":"2026-04-08T15-38-18","timestamp":"2026-04-08T15:38:20.275Z"}
{"level":"info","message":"Worker service started successfully","timestamp":"2026-04-08T15:38:20.275Z"}
{"channel":"projects/69d67342f16029b33bb5a778","level":"debug","message":"Socket joined channel","module":"app-ts","sessionId":"2026-04-08T15-38-18","timestamp":"2026-04-08T15:38:24.708Z"}
{"channel":"projects/69d67342f16029b33bb5a778","level":"debug","message":"Socket joined channel","module":"app-ts","sessionId":"2026-04-08T15-38-18","timestamp":"2026-04-08T15:38:42.172Z"}
{"channel":"projects/69d67342f16029b33bb5a778","level":"debug","message":"Socket joined channel","module":"app-ts","sessionId":"2026-04-08T15-38-18","timestamp":"2026-04-08T15:38:42.173Z"}
{"language":"python","level":"info","message":"Starting project execution sandbox","module":"sandbox-execution","projectId":"69d67342f16029b33bb5a778","sessionId":"2026-04-08T15-38-18","timestamp":"2026-04-08T15:38:45.695Z"}
{"fileCount":8,"level":"debug","message":"Execution sandbox created","module":"sandbox-execution","projectId":"69d67342f16029b33bb5a778","sessionId":"2026-04-08T15-38-18","timestamp":"2026-04-08T15:38:49.728Z"}
{"cmd":"python3 -m pip install --no-cache-dir -r <(sed \"s/\\r//\" /workspace/requirements.txt) 2>&1","language":"python","level":"info","message":"Installing dependencies","module":"sandbox-execution","projectId":"69d67342f16029b33bb5a778","sessionId":"2026-04-08T15-38-18","timestamp":"2026-04-08T15:38:49.890Z"}
{"level":"info","message":"Dependency install output","module":"sandbox-execution","output":"Collecting fastapi (from -r /dev/fd/63 (line 2))  Downloading fastapi-0.135.3-py3-none-any.whl.metadata (28 kB)Collecting uvicorn (from -r /dev/fd/63 (line 3))  Downloading uvicorn-0.44.0-py3-none-any.whl.metadata (6.7 kB)Collecting sqlalchemy (from -r /dev/fd/63 (line 4))  Downloading sqlalchemy-2.0.49-cp311-cp311-manylinux2014_aarch64.manylinux_2_17_aarch64.manylinux_2_28_aarch64.whl.metadata (9.5 kB)Collecting bcrypt (from -r /dev/fd/63 (line 5))  Downloading bcrypt-5.0.0-cp39-abi3-manylinux_2_34_aarch64.whl.metadata (10 kB)Collecting python-jose (from -r /dev/fd/63 (line 6))  Downloading python_jose-3.5.0-py2.py3-none-any.whl.metadata (5.5 kB)Collecting python-dotenv (from -r /dev/fd/63 (line 7))  Downloading python_dotenv-1.2.2-py3-none-any.whl.metadata (27 kB)Collecting starlette>=0.46.0 (from fastapi->-r /dev/fd/63 (line 2))  Downloading starlette-1.0.0-py3-none-any.whl.metadata (6.3 kB)Collecting pydantic>=2.9.0 (from fastapi->-r /dev/fd/63 (line 2))  Downloading pydantic-2.12.5-py3-none-any.whl.metadata (90 kB)     ━━━━━━━━━━━━━━━━━━━━━━━━━━━━━━━━━━━━━━━ 90.6/90.6 kB 237.0 kB/s eta 0:00:00Collecting typing-extensions>=4.8.0 (from fastapi->-r /dev/fd/63 (line 2))  Downloading typing_extensions-4.15.0-py3-none-any.whl.metadata (3.3 kB)Collecting typing-inspection>=0.4.2 (from fastapi->-r /dev/fd/63 (line 2))  Downloading typing_inspection-0.4.2-py3-none-any.whl.metadata (2.6 kB)Collecting annotated-doc>=0.0.2 (from fastapi->-r /dev/fd/63 (line 2))  Downloading annotated_doc-0.0.4-py3-none-any.whl.metadata (6.6 kB)Collecting click>=7.0 (from uvicorn->-r /dev/fd/63 (line 3))  Downloading click-8.3.2-py3-none-any.whl.metadata (2.6 kB)Collecting h11>=0.8 (from uvicorn->-r /dev/fd/63 (line 3))  Downloading h11-0.16.0-py3-none-any.whl.metadata (8.3 kB)Collecting greenlet>=1 (from sqlalchemy->-r /dev/fd/63 (line 4))  Downloading greenlet-3.3.2-cp311-cp311-manylinux_2_24_aarch64.manylinux_2_28_aarch64.whl.metadata (3.7 kB)Collecting ecdsa!=0.15 (from python-jose->-r ","projectId":"69d67342f16029b33bb5a778","sessionId":"2026-04-08T15-38-18","timestamp":"2026-04-08T15:39:22.956Z"}
{"exitCode":0,"level":"info","message":"Dependency install complete","module":"sandbox-execution","projectId":"69d67342f16029b33bb5a778","sessionId":"2026-04-08T15-38-18","timestamp":"2026-04-08T15:39:22.957Z"}
{"entryPoint":"main.py","language":"python","level":"debug","message":"Starting server","module":"sandbox-execution","projectId":"69d67342f16029b33bb5a778","sessionId":"2026-04-08T15-38-18","timestamp":"2026-04-08T15:39:22.959Z"}
{"cmd":"cd /workspace && (uvicorn main:app --host 0.0.0.0 --port 8000 > /tmp/server.log 2>&1 || python3 main.py > /tmp/server.log 2>&1) &","level":"info","message":"Running start command","module":"sandbox-execution","projectId":"69d67342f16029b33bb5a778","sessionId":"2026-04-08T15-38-18","timestamp":"2026-04-08T15:39:22.959Z"}
{"level":"info","message":"Waiting for server to be ready","module":"sandbox-execution","port":8000,"projectId":"69d67342f16029b33bb5a778","sessionId":"2026-04-08T15-38-18","timestamp":"2026-04-08T15:39:24.012Z"}
{"level":"debug","message":"Starting server log tail","module":"sandbox-execution","projectId":"69d67342f16029b33bb5a778","sessionId":"2026-04-08T15-38-18","timestamp":"2026-04-08T15:39:24.013Z"}
{"level":"warn","maxAttempts":15,"message":"Server did not open port within timeout","module":"sandbox-execution","port":8000,"sessionId":"2026-04-08T15-38-18","timestamp":"2026-04-08T15:39:55.168Z"}
{"entryPoint":"main.py","level":"info","message":"Execution sandbox server ready","module":"sandbox-execution","projectId":"69d67342f16029b33bb5a778","proxyUrl":"http://localhost:8080/sandboxes/48e45b3f-312a-4942-ac4f-d6e4ec68b78e/proxy/8000","sessionId":"2026-04-08T15-38-18","timestamp":"2026-04-08T15:39:55.197Z"}
{"containerId":"48e45b3f-312a-4942-ac4f-d6e4ec68b78e","level":"info","message":"Execution sandbox started","module":"sessions-service","proxyUrl":"http://localhost:8080/sandboxes/48e45b3f-312a-4942-ac4f-d6e4ec68b78e/proxy/8000","sessionId":"69d67685042d0ef1be718672","timestamp":"2026-04-08T15:39:55.232Z"}
{"level":"debug","message":"Periodic sync job — no specific projectId, skipping (not yet implemented)","module":"indexing-worker","sessionId":"2026-04-08T15-38-18","timestamp":"2026-04-08T15:40:00.102Z"}
{"jobId":"repeat:568d01d1da65ead9dfde0512e652141c:1775662800000","level":"info","message":"Job completed","module":"indexing-worker","sessionId":"2026-04-08T15-38-18","timestamp":"2026-04-08T15:40:00.108Z"}
{"level":"debug","message":"Periodic sync job — no specific projectId, skipping (not yet implemented)","module":"indexing-worker","sessionId":"2026-04-08T15-38-18","timestamp":"2026-04-08T15:45:00.011Z"}
{"jobId":"repeat:568d01d1da65ead9dfde0512e652141c:1775663100000","level":"info","message":"Job completed","module":"indexing-worker","sessionId":"2026-04-08T15-38-18","timestamp":"2026-04-08T15:45:00.012Z"}
{"level":"debug","message":"Periodic sync job — no specific projectId, skipping (not yet implemented)","module":"indexing-worker","sessionId":"2026-04-08T15-38-18","timestamp":"2026-04-08T15:50:00.051Z"}
{"jobId":"repeat:568d01d1da65ead9dfde0512e652141c:1775663400000","level":"info","message":"Job completed","module":"indexing-worker","sessionId":"2026-04-08T15-38-18","timestamp":"2026-04-08T15:50:00.054Z"}
{"level":"debug","message":"Periodic sync job — no specific projectId, skipping (not yet implemented)","module":"indexing-worker","sessionId":"2026-04-08T15-38-18","timestamp":"2026-04-08T15:55:00.027Z"}
{"jobId":"repeat:568d01d1da65ead9dfde0512e652141c:1775663700000","level":"info","message":"Job completed","module":"indexing-worker","sessionId":"2026-04-08T15-38-18","timestamp":"2026-04-08T15:55:00.029Z"}
{"level":"debug","message":"Periodic sync job — no specific projectId, skipping (not yet implemented)","module":"indexing-worker","sessionId":"2026-04-08T15-38-18","timestamp":"2026-04-08T16:00:00.053Z"}
{"jobId":"repeat:568d01d1da65ead9dfde0512e652141c:1775664000000","level":"info","message":"Job completed","module":"indexing-worker","sessionId":"2026-04-08T15-38-18","timestamp":"2026-04-08T16:00:00.058Z"}
{"level":"debug","message":"Periodic sync job — no specific projectId, skipping (not yet implemented)","module":"indexing-worker","sessionId":"2026-04-08T15-38-18","timestamp":"2026-04-08T16:05:00.060Z"}
{"jobId":"repeat:568d01d1da65ead9dfde0512e652141c:1775664300000","level":"info","message":"Job completed","module":"indexing-worker","sessionId":"2026-04-08T15-38-18","timestamp":"2026-04-08T16:05:00.064Z"}
{"level":"debug","message":"Periodic sync job — no specific projectId, skipping (not yet implemented)","module":"indexing-worker","sessionId":"2026-04-08T15-38-18","timestamp":"2026-04-08T16:10:00.050Z"}
{"jobId":"repeat:568d01d1da65ead9dfde0512e652141c:1775664600000","level":"info","message":"Job completed","module":"indexing-worker","sessionId":"2026-04-08T15-38-18","timestamp":"2026-04-08T16:10:00.054Z"}
{"level":"debug","message":"Periodic sync job — no specific projectId, skipping (not yet implemented)","module":"indexing-worker","sessionId":"2026-04-08T15-38-18","timestamp":"2026-04-08T16:15:00.033Z"}
{"jobId":"repeat:568d01d1da65ead9dfde0512e652141c:1775664900000","level":"info","message":"Job completed","module":"indexing-worker","sessionId":"2026-04-08T15-38-18","timestamp":"2026-04-08T16:15:00.038Z"}
{"level":"debug","message":"Periodic sync job — no specific projectId, skipping (not yet implemented)","module":"indexing-worker","sessionId":"2026-04-08T15-38-18","timestamp":"2026-04-08T16:20:00.076Z"}
{"jobId":"repeat:568d01d1da65ead9dfde0512e652141c:1775665200000","level":"info","message":"Job completed","module":"indexing-worker","sessionId":"2026-04-08T15-38-18","timestamp":"2026-04-08T16:20:00.079Z"}
{"level":"info","message":"Execution sandbox stopped","module":"sessions-service","sessionId":"69d67685042d0ef1be718672","timestamp":"2026-04-08T16:23:15.444Z"}
{"language":"python","level":"info","message":"Starting project execution sandbox","module":"sandbox-execution","projectId":"69d67342f16029b33bb5a778","sessionId":"2026-04-08T15-38-18","timestamp":"2026-04-08T16:23:16.803Z"}
{"fileCount":8,"level":"debug","message":"Execution sandbox created","module":"sandbox-execution","projectId":"69d67342f16029b33bb5a778","sessionId":"2026-04-08T15-38-18","timestamp":"2026-04-08T16:23:20.239Z"}
{"cmd":"python3 -m pip install --no-cache-dir -r <(sed \"s/\\r//\" /workspace/requirements.txt) 2>&1","language":"python","level":"info","message":"Installing dependencies","module":"sandbox-execution","projectId":"69d67342f16029b33bb5a778","sessionId":"2026-04-08T15-38-18","timestamp":"2026-04-08T16:23:20.363Z"}
{"level":"info","message":"Dependency install output","module":"sandbox-execution","output":"Collecting fastapi (from -r /dev/fd/63 (line 2))  Downloading fastapi-0.135.3-py3-none-any.whl.metadata (28 kB)Collecting uvicorn (from -r /dev/fd/63 (line 3))  Downloading uvicorn-0.44.0-py3-none-any.whl.metadata (6.7 kB)Collecting sqlalchemy (from -r /dev/fd/63 (line 4))  Downloading sqlalchemy-2.0.49-cp311-cp311-manylinux2014_aarch64.manylinux_2_17_aarch64.manylinux_2_28_aarch64.whl.metadata (9.5 kB)Collecting bcrypt (from -r /dev/fd/63 (line 5))  Downloading bcrypt-5.0.0-cp39-abi3-manylinux_2_34_aarch64.whl.metadata (10 kB)Collecting python-jose (from -r /dev/fd/63 (line 6))  Downloading python_jose-3.5.0-py2.py3-none-any.whl.metadata (5.5 kB)Collecting python-dotenv (from -r /dev/fd/63 (line 7))  Downloading python_dotenv-1.2.2-py3-none-any.whl.metadata (27 kB)Collecting starlette>=0.46.0 (from fastapi->-r /dev/fd/63 (line 2))  Downloading starlette-1.0.0-py3-none-any.whl.metadata (6.3 kB)Collecting pydantic>=2.9.0 (from fastapi->-r /dev/fd/63 (line 2))  Downloading pydantic-2.12.5-py3-none-any.whl.metadata (90 kB)     ━━━━━━━━━━━━━━━━━━━━━━━━━━━━━━━━━━━━━━━ 90.6/90.6 kB 552.9 kB/s eta 0:00:00Collecting typing-extensions>=4.8.0 (from fastapi->-r /dev/fd/63 (line 2))  Downloading typing_extensions-4.15.0-py3-none-any.whl.metadata (3.3 kB)Collecting typing-inspection>=0.4.2 (from fastapi->-r /dev/fd/63 (line 2))  Downloading typing_inspection-0.4.2-py3-none-any.whl.metadata (2.6 kB)Collecting annotated-doc>=0.0.2 (from fastapi->-r /dev/fd/63 (line 2))  Downloading annotated_doc-0.0.4-py3-none-any.whl.metadata (6.6 kB)Collecting click>=7.0 (from uvicorn->-r /dev/fd/63 (line 3))  Downloading click-8.3.2-py3-none-any.whl.metadata (2.6 kB)Collecting h11>=0.8 (from uvicorn->-r /dev/fd/63 (line 3))  Downloading h11-0.16.0-py3-none-any.whl.metadata (8.3 kB)Collecting greenlet>=1 (from sqlalchemy->-r /dev/fd/63 (line 4))  Downloading greenlet-3.3.2-cp311-cp311-manylinux_2_24_aarch64.manylinux_2_28_aarch64.whl.metadata (3.7 kB)Collecting ecdsa!=0.15 (from python-jose->-r ","projectId":"69d67342f16029b33bb5a778","sessionId":"2026-04-08T15-38-18","timestamp":"2026-04-08T16:23:35.279Z"}
{"exitCode":0,"level":"info","message":"Dependency install complete","module":"sandbox-execution","projectId":"69d67342f16029b33bb5a778","sessionId":"2026-04-08T15-38-18","timestamp":"2026-04-08T16:23:35.280Z"}
{"entryPoint":"main.py","language":"python","level":"debug","message":"Starting server","module":"sandbox-execution","projectId":"69d67342f16029b33bb5a778","sessionId":"2026-04-08T15-38-18","timestamp":"2026-04-08T16:23:35.280Z"}
{"cmd":"cd /workspace && (uvicorn main:app --host 0.0.0.0 --port 8000 > /tmp/server.log 2>&1 || python3 main.py > /tmp/server.log 2>&1) &","level":"info","message":"Running start command","module":"sandbox-execution","projectId":"69d67342f16029b33bb5a778","sessionId":"2026-04-08T15-38-18","timestamp":"2026-04-08T16:23:35.280Z"}
{"level":"info","message":"Waiting for server to be ready","module":"sandbox-execution","port":8000,"projectId":"69d67342f16029b33bb5a778","sessionId":"2026-04-08T15-38-18","timestamp":"2026-04-08T16:23:36.302Z"}
{"level":"debug","message":"Starting server log tail","module":"sandbox-execution","projectId":"69d67342f16029b33bb5a778","sessionId":"2026-04-08T15-38-18","timestamp":"2026-04-08T16:23:36.302Z"}
{"level":"warn","maxAttempts":15,"message":"Server did not open port within timeout","module":"sandbox-execution","port":8000,"sessionId":"2026-04-08T15-38-18","timestamp":"2026-04-08T16:24:07.489Z"}
{"entryPoint":"main.py","level":"info","message":"Execution sandbox server ready","module":"sandbox-execution","projectId":"69d67342f16029b33bb5a778","proxyUrl":"http://localhost:8080/sandboxes/308ce841-791b-4529-aab3-eaadfce654a7/proxy/8000","sessionId":"2026-04-08T15-38-18","timestamp":"2026-04-08T16:24:07.513Z"}
{"containerId":"308ce841-791b-4529-aab3-eaadfce654a7","level":"info","message":"Execution sandbox started","module":"sessions-service","proxyUrl":"http://localhost:8080/sandboxes/308ce841-791b-4529-aab3-eaadfce654a7/proxy/8000","sessionId":"69d680f4042d0ef1be718673","timestamp":"2026-04-08T16:24:07.549Z"}
{"level":"debug","message":"Periodic sync job — no specific projectId, skipping (not yet implemented)","module":"indexing-worker","sessionId":"2026-04-08T15-38-18","timestamp":"2026-04-08T16:25:00.077Z"}
{"jobId":"repeat:568d01d1da65ead9dfde0512e652141c:1775665500000","level":"info","message":"Job completed","module":"indexing-worker","sessionId":"2026-04-08T15-38-18","timestamp":"2026-04-08T16:25:00.079Z"}
{"level":"debug","message":"Periodic sync job — no specific projectId, skipping (not yet implemented)","module":"indexing-worker","sessionId":"2026-04-08T15-38-18","timestamp":"2026-04-08T16:30:00.043Z"}
{"jobId":"repeat:568d01d1da65ead9dfde0512e652141c:1775665800000","level":"info","message":"Job completed","module":"indexing-worker","sessionId":"2026-04-08T15-38-18","timestamp":"2026-04-08T16:30:00.046Z"}
{"level":"debug","message":"Periodic sync job — no specific projectId, skipping (not yet implemented)","module":"indexing-worker","sessionId":"2026-04-08T15-38-18","timestamp":"2026-04-08T16:35:00.077Z"}
{"jobId":"repeat:568d01d1da65ead9dfde0512e652141c:1775666100000","level":"info","message":"Job completed","module":"indexing-worker","sessionId":"2026-04-08T15-38-18","timestamp":"2026-04-08T16:35:00.086Z"}
{"level":"debug","message":"Periodic sync job — no specific projectId, skipping (not yet implemented)","module":"indexing-worker","sessionId":"2026-04-08T15-38-18","timestamp":"2026-04-08T16:40:00.108Z"}
{"jobId":"repeat:568d01d1da65ead9dfde0512e652141c:1775666400000","level":"info","message":"Job completed","module":"indexing-worker","sessionId":"2026-04-08T15-38-18","timestamp":"2026-04-08T16:40:00.116Z"}
{"level":"debug","message":"Periodic sync job — no specific projectId, skipping (not yet implemented)","module":"indexing-worker","sessionId":"2026-04-08T15-38-18","timestamp":"2026-04-08T16:45:00.083Z"}
{"jobId":"repeat:568d01d1da65ead9dfde0512e652141c:1775666700000","level":"info","message":"Job completed","module":"indexing-worker","sessionId":"2026-04-08T15-38-18","timestamp":"2026-04-08T16:45:00.085Z"}
{"level":"debug","message":"Periodic sync job — no specific projectId, skipping (not yet implemented)","module":"indexing-worker","sessionId":"2026-04-08T15-38-18","timestamp":"2026-04-08T16:50:00.058Z"}
{"jobId":"repeat:568d01d1da65ead9dfde0512e652141c:1775667000000","level":"info","message":"Job completed","module":"indexing-worker","sessionId":"2026-04-08T15-38-18","timestamp":"2026-04-08T16:50:00.065Z"}
{"level":"debug","message":"Periodic sync job — no specific projectId, skipping (not yet implemented)","module":"indexing-worker","sessionId":"2026-04-08T15-38-18","timestamp":"2026-04-08T16:55:00.037Z"}
{"jobId":"repeat:568d01d1da65ead9dfde0512e652141c:1775667300000","level":"info","message":"Job completed","module":"indexing-worker","sessionId":"2026-04-08T15-38-18","timestamp":"2026-04-08T16:55:00.047Z"}
{"level":"debug","message":"Periodic sync job — no specific projectId, skipping (not yet implemented)","module":"indexing-worker","sessionId":"2026-04-08T15-38-18","timestamp":"2026-04-08T17:00:00.058Z"}
{"jobId":"repeat:568d01d1da65ead9dfde0512e652141c:1775667600000","level":"info","message":"Job completed","module":"indexing-worker","sessionId":"2026-04-08T15-38-18","timestamp":"2026-04-08T17:00:00.065Z"}
{"level":"debug","message":"Periodic sync job — no specific projectId, skipping (not yet implemented)","module":"indexing-worker","sessionId":"2026-04-08T15-38-18","timestamp":"2026-04-08T17:05:00.039Z"}
{"jobId":"repeat:568d01d1da65ead9dfde0512e652141c:1775667900000","level":"info","message":"Job completed","module":"indexing-worker","sessionId":"2026-04-08T15-38-18","timestamp":"2026-04-08T17:05:00.041Z"}
{"channel":"projects/69d67342f16029b33bb5a778","level":"debug","message":"Socket joined channel","module":"app-ts","sessionId":"2026-04-08T15-38-18","timestamp":"2026-04-08T17:05:12.590Z"}
{"channel":"projects/69d67342f16029b33bb5a778","level":"debug","message":"Socket joined channel","module":"app-ts","sessionId":"2026-04-08T15-38-18","timestamp":"2026-04-08T17:05:12.591Z"}
